Linked: (/workspace/assignments/02-lidar-odometry-basic/devel/.private/lidar_localization/share/lidar_localization/cmake/lidar_localization-msg-paths.cmake, /workspace/assignments/02-lidar-odometry-basic/devel/share/lidar_localization/cmake/lidar_localization-msg-paths.cmake)
Linked: (/workspace/assignments/02-lidar-odometry-basic/devel/.private/lidar_localization/share/lidar_localization/cmake/lidar_localizationConfig-version.cmake, /workspace/assignments/02-lidar-odometry-basic/devel/share/lidar_localization/cmake/lidar_localizationConfig-version.cmake)
Linked: (/workspace/assignments/02-lidar-odometry-basic/devel/.private/lidar_localization/share/lidar_localization/cmake/lidar_localization-msg-extras.cmake, /workspace/assignments/02-lidar-odometry-basic/devel/share/lidar_localization/cmake/lidar_localization-msg-extras.cmake)
Linked: (/workspace/assignments/02-lidar-odometry-basic/devel/.private/lidar_localization/share/lidar_localization/cmake/lidar_localizationConfig.cmake, /workspace/assignments/02-lidar-odometry-basic/devel/share/lidar_localization/cmake/lidar_localizationConfig.cmake)
Linked: (/workspace/assignments/02-lidar-odometry-basic/devel/.private/lidar_localization/share/gennodejs/ros/lidar_localization/_index.js, /workspace/assignments/02-lidar-odometry-basic/devel/share/gennodejs/ros/lidar_localization/_index.js)
Linked: (/workspace/assignments/02-lidar-odometry-basic/devel/.private/lidar_localization/share/gennodejs/ros/lidar_localization/srv/saveMap.js, /workspace/assignments/02-lidar-odometry-basic/devel/share/gennodejs/ros/lidar_localization/srv/saveMap.js)
Linked: (/workspace/assignments/02-lidar-odometry-basic/devel/.private/lidar_localization/share/gennodejs/ros/lidar_localization/srv/_index.js, /workspace/assignments/02-lidar-odometry-basic/devel/share/gennodejs/ros/lidar_localization/srv/_index.js)
Linked: (/workspace/assignments/02-lidar-odometry-basic/devel/.private/lidar_localization/share/common-lisp/ros/lidar_localization/srv/_package_saveMap.lisp, /workspace/assignments/02-lidar-odometry-basic/devel/share/common-lisp/ros/lidar_localization/srv/_package_saveMap.lisp)
Linked: (/workspace/assignments/02-lidar-odometry-basic/devel/.private/lidar_localization/share/common-lisp/ros/lidar_localization/srv/_package.lisp, /workspace/assignments/02-lidar-odometry-basic/devel/share/common-lisp/ros/lidar_localization/srv/_package.lisp)
Linked: (/workspace/assignments/02-lidar-odometry-basic/devel/.private/lidar_localization/share/common-lisp/ros/lidar_localization/srv/saveMap.lisp, /workspace/assignments/02-lidar-odometry-basic/devel/share/common-lisp/ros/lidar_localization/srv/saveMap.lisp)
Linked: (/workspace/assignments/02-lidar-odometry-basic/devel/.private/lidar_localization/share/common-lisp/ros/lidar_localization/srv/lidar_localization-srv.asd, /workspace/assignments/02-lidar-odometry-basic/devel/share/common-lisp/ros/lidar_localization/srv/lidar_localization-srv.asd)
Linked: (/workspace/assignments/02-lidar-odometry-basic/devel/.private/lidar_localization/share/roseus/ros/lidar_localization/manifest.l, /workspace/assignments/02-lidar-odometry-basic/devel/share/roseus/ros/lidar_localization/manifest.l)
Linked: (/workspace/assignments/02-lidar-odometry-basic/devel/.private/lidar_localization/share/roseus/ros/lidar_localization/srv/saveMap.l, /workspace/assignments/02-lidar-odometry-basic/devel/share/roseus/ros/lidar_localization/srv/saveMap.l)
Linked: (/workspace/assignments/02-lidar-odometry-basic/devel/.private/lidar_localization/include/lidar_localization/saveMapResponse.h, /workspace/assignments/02-lidar-odometry-basic/devel/include/lidar_localization/saveMapResponse.h)
Linked: (/workspace/assignments/02-lidar-odometry-basic/devel/.private/lidar_localization/include/lidar_localization/saveMap.h, /workspace/assignments/02-lidar-odometry-basic/devel/include/lidar_localization/saveMap.h)
Linked: (/workspace/assignments/02-lidar-odometry-basic/devel/.private/lidar_localization/include/lidar_localization/saveMapRequest.h, /workspace/assignments/02-lidar-odometry-basic/devel/include/lidar_localization/saveMapRequest.h)
Linked: (/workspace/assignments/02-lidar-odometry-basic/devel/.private/lidar_localization/lib/pkgconfig/lidar_localization.pc, /workspace/assignments/02-lidar-odometry-basic/devel/lib/pkgconfig/lidar_localization.pc)
Linked: (/workspace/assignments/02-lidar-odometry-basic/devel/.private/lidar_localization/lib/lidar_localization/front_end_node, /workspace/assignments/02-lidar-odometry-basic/devel/lib/lidar_localization/front_end_node)
Linked: (/workspace/assignments/02-lidar-odometry-basic/devel/.private/lidar_localization/lib/python2.7/dist-packages/lidar_localization/__init__.py, /workspace/assignments/02-lidar-odometry-basic/devel/lib/python2.7/dist-packages/lidar_localization/__init__.py)
Warning: Cannot symlink from /workspace/assignments/02-lidar-odometry-basic/devel/.private/lidar_localization/lib/python2.7/dist-packages/lidar_localization/__init__.pyc to existing file /workspace/assignments/02-lidar-odometry-basic/devel/lib/python2.7/dist-packages/lidar_localization/__init__.pyc
Warning: Source hash: 40bc646ca8a486bf66825b73df819a26
Warning: Dest hash: 2ff8f5aeb474cf781f7b744e468825bf
Linked: (/workspace/assignments/02-lidar-odometry-basic/devel/.private/lidar_localization/lib/python2.7/dist-packages/lidar_localization/srv/_saveMap.py, /workspace/assignments/02-lidar-odometry-basic/devel/lib/python2.7/dist-packages/lidar_localization/srv/_saveMap.py)
Linked: (/workspace/assignments/02-lidar-odometry-basic/devel/.private/lidar_localization/lib/python2.7/dist-packages/lidar_localization/srv/__init__.py, /workspace/assignments/02-lidar-odometry-basic/devel/lib/python2.7/dist-packages/lidar_localization/srv/__init__.py)
Warning: Cannot symlink from /workspace/assignments/02-lidar-odometry-basic/devel/.private/lidar_localization/lib/python2.7/dist-packages/lidar_localization/srv/__init__.pyc to existing file /workspace/assignments/02-lidar-odometry-basic/devel/lib/python2.7/dist-packages/lidar_localization/srv/__init__.pyc
Warning: Source hash: 94f9ca3e1b5de72b06f853e3544a2bcb
Warning: Dest hash: 0e52b1c338baa4d54fb1bc8859bb26d5
Warning: Cannot symlink from /workspace/assignments/02-lidar-odometry-basic/devel/.private/lidar_localization/lib/python2.7/dist-packages/lidar_localization/srv/_saveMap.pyc to existing file /workspace/assignments/02-lidar-odometry-basic/devel/lib/python2.7/dist-packages/lidar_localization/srv/_saveMap.pyc
Warning: Source hash: 0638098ef0c51665769ce27e6c22d5ce
Warning: Dest hash: 33ab02fa16aabf082feab115698f733f
