[  0%] Built target actionlib_msgs_generate_messages_py
[  0%] Built target tf2_msgs_generate_messages_nodejs
[  0%] Built target tf2_msgs_generate_messages_eus
[  0%] Built target nodelet_generate_messages_nodejs
[  0%] Built target pcl_msgs_generate_messages_nodejs
[  0%] Built target std_msgs_generate_messages_lisp
[  0%] Built target std_msgs_generate_messages_cpp
[  0%] Built target std_msgs_generate_messages_eus
[  0%] Built target geometry_msgs_generate_messages_lisp
[  0%] Built target dynamic_reconfigure_gencfg
[  0%] Built target std_msgs_generate_messages_py
[  0%] Built target nodelet_generate_messages_eus
[  0%] Built target std_msgs_generate_messages_nodejs
[  0%] Built target tf2_msgs_generate_messages_cpp
[  0%] Built target tf2_msgs_generate_messages_lisp
[  0%] Built target geometry_msgs_generate_messages_py
[  0%] Built target dynamic_reconfigure_generate_messages_py
[  0%] Built target topic_tools_generate_messages_cpp
[  0%] Built target dynamic_reconfigure_generate_messages_lisp
[  0%] Built target pcl_msgs_generate_messages_cpp
[  0%] Built target rosgraph_msgs_generate_messages_cpp
[  0%] Built target tf2_msgs_generate_messages_py
[  0%] Built target actionlib_generate_messages_py
[  0%] Built target dynamic_reconfigure_generate_messages_eus
[  0%] Built target nodelet_generate_messages_lisp
[  0%] Built target nodelet_generate_messages_cpp
[  0%] Built target sensor_msgs_generate_messages_lisp
[  0%] Built target bond_generate_messages_lisp
[  0%] Built target _lidar_localization_generate_messages_check_deps_saveMap
[  0%] Built target topic_tools_generate_messages_nodejs
[  0%] Built target pcl_ros_gencfg
[  0%] Built target roscpp_generate_messages_cpp
[  0%] Built target sensor_msgs_generate_messages_nodejs
[  0%] Built target std_srvs_generate_messages_nodejs
[  0%] Built target geometry_msgs_generate_messages_cpp
[  0%] Built target bond_generate_messages_py
[  0%] Built target actionlib_generate_messages_lisp
[  0%] Built target actionlib_generate_messages_cpp
[  0%] Built target roscpp_generate_messages_nodejs
[  0%] Built target geometry_msgs_generate_messages_nodejs
[  0%] Built target roscpp_generate_messages_py
[  0%] Built target roscpp_generate_messages_lisp
[  0%] Built target dynamic_reconfigure_generate_messages_nodejs
[  0%] Built target std_srvs_generate_messages_eus
[  0%] Built target bond_generate_messages_eus
[  0%] Built target geometry_msgs_generate_messages_eus
[  0%] Built target rosgraph_msgs_generate_messages_eus
[  0%] Built target rosgraph_msgs_generate_messages_lisp
[  0%] Built target actionlib_msgs_generate_messages_eus
[  0%] Built target roscpp_generate_messages_eus
[  0%] Built target rosgraph_msgs_generate_messages_nodejs
[  0%] Built target bond_generate_messages_cpp
[  0%] Built target rosgraph_msgs_generate_messages_py
[  0%] Built target bond_generate_messages_nodejs
[  0%] Built target topic_tools_generate_messages_py
[  0%] Built target actionlib_msgs_generate_messages_nodejs
[  0%] Built target nodelet_topic_tools_gencfg
[  0%] Built target topic_tools_generate_messages_lisp
[  0%] Built target std_srvs_generate_messages_lisp
[  0%] Built target pcl_msgs_generate_messages_eus
[  0%] Built target sensor_msgs_generate_messages_cpp
[  0%] Built target topic_tools_generate_messages_eus
[  0%] Built target sensor_msgs_generate_messages_eus
[  0%] Built target nodelet_generate_messages_py
[  0%] Built target sensor_msgs_generate_messages_py
[  0%] Built target dynamic_reconfigure_generate_messages_cpp
[  0%] Built target actionlib_msgs_generate_messages_cpp
[  0%] Built target tf_generate_messages_py
[  0%] Built target std_srvs_generate_messages_cpp
[  0%] Built target tf_generate_messages_eus
[  0%] Built target tf_generate_messages_lisp
[  0%] Built target tf_generate_messages_nodejs
[  0%] Built target std_srvs_generate_messages_py
[  0%] Built target pcl_msgs_generate_messages_py
[  0%] Built target pcl_msgs_generate_messages_lisp
[  0%] Built target actionlib_generate_messages_eus
[  0%] Built target actionlib_generate_messages_nodejs
[  0%] Built target tf_generate_messages_cpp
[  0%] Built target actionlib_msgs_generate_messages_lisp
[  3%] Built target lidar_localization_generate_messages_cpp
[ 11%] Built target lidar_localization_generate_messages_eus
[ 15%] Built target lidar_localization_generate_messages_nodejs
[ 23%] Built target lidar_localization_generate_messages_py
[ 26%] Built target lidar_localization_generate_messages_lisp
[ 26%] Built target lidar_localization_generate_messages
[35m[1mScanning dependencies of target front_end_node[0m
[ 30%] [32mBuilding CXX object CMakeFiles/front_end_node.dir/src/models/registration/icp_svd_registration.cpp.o[0m
[01m[K/workspace/assignments/02-lidar-odometry-basic/src/lidar_localization/src/models/registration/icp_svd_registration.cpp:[m[K In member function ‘[01m[Kvirtual bool lidar_localization::ICPSVDRegistration::ScanMatch(const CLOUD_PTR&, const Matrix4f&, lidar_localization::CloudData::CLOUD_PTR&, Eigen::Matrix4f&)[m[K’:
[01m[K/workspace/assignments/02-lidar-odometry-basic/src/lidar_localization/src/models/registration/icp_svd_registration.cpp:127:56:[m[K [01;31m[Kerror: [m[Kinvalid use of incomplete type ‘[01m[Kconst class Eigen::MatrixSquareRootReturnValue<Eigen::Inverse<Eigen::Product<Eigen::Matrix<float, 3, 3>, Eigen::Transpose<Eigen::Matrix<float, 3, 3> >, 0> > >[m[K’
     R_mat = ((R_mat*R_mat.transpose()).inverse()).sqrt([01;31m[K)[m[K * R_mat;
                                                        [01;31m[K^[m[K
In file included from [01m[K/usr/include/eigen3/Eigen/Core:346:0[m[K,
                 from [01m[K/usr/include/eigen3/Eigen/StdVector:14[m[K,
                 from [01m[K/usr/include/pcl-1.8/pcl/point_cloud.h:46[m[K,
                 from [01m[K/usr/include/pcl-1.8/pcl/common/transforms.h:42[m[K,
                 from [01m[K/workspace/assignments/02-lidar-odometry-basic/src/lidar_localization/src/models/registration/icp_svd_registration.cpp:7[m[K:
[01m[K/usr/include/eigen3/Eigen/src/Core/util/ForwardDeclarations.h:286:34:[m[K [01;36m[Knote: [m[Kdeclaration of ‘[01m[Kclass Eigen::MatrixSquareRootReturnValue<Eigen::Inverse<Eigen::Product<Eigen::Matrix<float, 3, 3>, Eigen::Transpose<Eigen::Matrix<float, 3, 3> >, 0> > >[m[K’
 template<typename Derived> class [01;36m[KMatrixSquareRootReturnValue[m[K;
                                  [01;36m[K^~~~~~~~~~~~~~~~~~~~~~~~~~~[m[K
[01m[K/workspace/assignments/02-lidar-odometry-basic/src/lidar_localization/src/models/registration/icp_svd_registration.cpp:[m[K In member function ‘[01m[Ksize_t lidar_localization::ICPSVDRegistration::GetCorrespondence(const CLOUD_PTR&, std::vector<Eigen::Matrix<float, 3, 1> >&, std::vector<Eigen::Matrix<float, 3, 1> >&)[m[K’:
[01m[K/workspace/assignments/02-lidar-odometry-basic/src/lidar_localization/src/models/registration/icp_svd_registration.cpp:154:20:[m[K [01;35m[Kwarning: [m[Kcomparison between signed and unsigned integer expressions [[01;35m[K-Wsign-compare[m[K]
  for (int i = 0; [01;35m[Ki < input_source->size()[m[K; i++ )
                  [01;35m[K~~^~~~~~~~~~~~~~~~~~~~~~[m[K
[01m[K/workspace/assignments/02-lidar-odometry-basic/src/lidar_localization/src/models/registration/icp_svd_registration.cpp:[m[K In member function ‘[01m[Kvoid lidar_localization::ICPSVDRegistration::GetTransform(const std::vector<Eigen::Matrix<float, 3, 1> >&, const std::vector<Eigen::Matrix<float, 3, 1> >&, Eigen::Matrix4f&)[m[K’:
[01m[K/workspace/assignments/02-lidar-odometry-basic/src/lidar_localization/src/models/registration/icp_svd_registration.cpp:176:18:[m[K [01;35m[Kwarning: [m[Kunused variable ‘[01m[KN[m[K’ [[01;35m[K-Wunused-variable[m[K]
     const size_t [01;35m[KN[m[K = xs.size();
                  [01;35m[K^[m[K
CMakeFiles/front_end_node.dir/build.make:182: recipe for target 'CMakeFiles/front_end_node.dir/src/models/registration/icp_svd_registration.cpp.o' failed
make[2]: *** [CMakeFiles/front_end_node.dir/src/models/registration/icp_svd_registration.cpp.o] Error 1
CMakeFiles/Makefile2:1919: recipe for target 'CMakeFiles/front_end_node.dir/all' failed
make[1]: *** [CMakeFiles/front_end_node.dir/all] Error 2
Makefile:140: recipe for target 'all' failed
make: *** [all] Error 2
