[01m[K/workspace/assignments/02-lidar-odometry-basic/src/lidar_localization/src/models/registration/icp_svd_registration.cpp:[m[K In member function ‘[01m[Kvirtual bool lidar_localization::ICPSVDRegistration::ScanMatch(const CLOUD_PTR&, const Matrix4f&, lidar_localization::CloudData::CLOUD_PTR&, Eigen::Matrix4f&)[m[K’:
[01m[K/workspace/assignments/02-lidar-odometry-basic/src/lidar_localization/src/models/registration/icp_svd_registration.cpp:101:13:[m[K [01;31m[Kerror: [m[K‘[01m[Knum_corr[m[K’ was not declared in this scope
         if ([01;31m[Knum_corr[m[K < 20)
             [01;31m[K^~~~~~~~[m[K
[01m[K/workspace/assignments/02-lidar-odometry-basic/src/lidar_localization/src/models/registration/icp_svd_registration.cpp:101:13:[m[K [01;36m[Knote: [m[Ksuggested alternative: ‘[01m[Knum_corr_[m[K’
         if ([01;36m[Knum_corr[m[K < 20)
             [01;36m[K^~~~~~~~[m[K
             [32m[Knum_corr_[m[K
[01m[K/workspace/assignments/02-lidar-odometry-basic/src/lidar_localization/src/models/registration/icp_svd_registration.cpp:111:51:[m[K [01;31m[Kerror: [m[K‘[01m[Ktrans_esp_[m[K’ was not declared in this scope
         if (!IsSignificant(transformation_update, [01;31m[Ktrans_esp_[m[K))
                                                   [01;31m[K^~~~~~~~~~[m[K
[01m[K/workspace/assignments/02-lidar-odometry-basic/src/lidar_localization/src/models/registration/icp_svd_registration.cpp:111:51:[m[K [01;36m[Knote: [m[Ksuggested alternative: ‘[01m[Ktrans_eps_[m[K’
         if (!IsSignificant(transformation_update, [01;36m[Ktrans_esp_[m[K))
                                                   [01;36m[K^~~~~~~~~~[m[K
                                                   [32m[Ktrans_eps_[m[K
[01m[K/workspace/assignments/02-lidar-odometry-basic/src/lidar_localization/src/models/registration/icp_svd_registration.cpp:116:9:[m[K [01;31m[Kerror: [m[K‘[01m[Ktransformation[m[K’ was not declared in this scope
         [01;31m[Ktransformation[m[K *= transformation_update;
         [01;31m[K^~~~~~~~~~~~~~[m[K
[01m[K/workspace/assignments/02-lidar-odometry-basic/src/lidar_localization/src/models/registration/icp_svd_registration.cpp:116:9:[m[K [01;36m[Knote: [m[Ksuggested alternative: ‘[01m[Ktransformation_[m[K’
         [01;36m[Ktransformation[m[K *= transformation_update;
         [01;36m[K^~~~~~~~~~~~~~[m[K
         [32m[Ktransformation_[m[K
[01m[K/workspace/assignments/02-lidar-odometry-basic/src/lidar_localization/src/models/registration/icp_svd_registration.cpp:98:13:[m[K [01;35m[Kwarning: [m[Kunused variable ‘[01m[Knum_corr_[m[K’ [[01;35m[K-Wunused-variable[m[K]
         int [01;35m[Knum_corr_[m[K = GetCorrespondence(transformed_input_source, source_match, target_match);
             [01;35m[K^~~~~~~~~[m[K
[01m[K/workspace/assignments/02-lidar-odometry-basic/src/lidar_localization/src/models/registration/icp_svd_registration.cpp:[m[K In member function ‘[01m[Ksize_t lidar_localization::ICPSVDRegistration::GetCorrespondence(const CLOUD_PTR&, std::vector<Eigen::Matrix<float, 3, 1> >&, std::vector<Eigen::Matrix<float, 3, 1> >&)[m[K’:
[01m[K/workspace/assignments/02-lidar-odometry-basic/src/lidar_localization/src/models/registration/icp_svd_registration.cpp:133:17:[m[K [01;35m[Kwarning: [m[Kunused variable ‘[01m[KMAX_CORR_DIST_SQR[m[K’ [[01;35m[K-Wunused-variable[m[K]
     const float [01;35m[KMAX_CORR_DIST_SQR[m[K = max_corr_dist_ * max_corr_dist_;
                 [01;35m[K^~~~~~~~~~~~~~~~~[m[K
[01m[K/workspace/assignments/02-lidar-odometry-basic/src/lidar_localization/src/models/registration/icp_svd_registration.cpp:[m[K In member function ‘[01m[Kvoid lidar_localization::ICPSVDRegistration::GetTransform(const std::vector<Eigen::Matrix<float, 3, 1> >&, const std::vector<Eigen::Matrix<float, 3, 1> >&, Eigen::Matrix4f&)[m[K’:
[01m[K/workspace/assignments/02-lidar-odometry-basic/src/lidar_localization/src/models/registration/icp_svd_registration.cpp:163:18:[m[K [01;35m[Kwarning: [m[Kunused variable ‘[01m[KN[m[K’ [[01;35m[K-Wunused-variable[m[K]
     const size_t [01;35m[KN[m[K = xs.size();
                  [01;35m[K^[m[K
make[2]: *** [CMakeFiles/front_end_node.dir/src/models/registration/icp_svd_registration.cpp.o] Error 1
make[1]: *** [CMakeFiles/front_end_node.dir/all] Error 2
make: *** [all] Error 2
