Linked: (/workspace/assignments/09-graph-optimization/devel/.private/lidar_localization/share/lidar_localization/cmake/lidar_localization-msg-paths.cmake, /workspace/assignments/09-graph-optimization/devel/share/lidar_localization/cmake/lidar_localization-msg-paths.cmake)
Linked: (/workspace/assignments/09-graph-optimization/devel/.private/lidar_localization/share/lidar_localization/cmake/lidar_localizationConfig-version.cmake, /workspace/assignments/09-graph-optimization/devel/share/lidar_localization/cmake/lidar_localizationConfig-version.cmake)
Linked: (/workspace/assignments/09-graph-optimization/devel/.private/lidar_localization/share/lidar_localization/cmake/lidar_localization-msg-extras.cmake, /workspace/assignments/09-graph-optimization/devel/share/lidar_localization/cmake/lidar_localization-msg-extras.cmake)
Linked: (/workspace/assignments/09-graph-optimization/devel/.private/lidar_localization/share/lidar_localization/cmake/lidar_localizationConfig.cmake, /workspace/assignments/09-graph-optimization/devel/share/lidar_localization/cmake/lidar_localizationConfig.cmake)
Linked: (/workspace/assignments/09-graph-optimization/devel/.private/lidar_localization/share/gennodejs/ros/lidar_localization/_index.js, /workspace/assignments/09-graph-optimization/devel/share/gennodejs/ros/lidar_localization/_index.js)
Linked: (/workspace/assignments/09-graph-optimization/devel/.private/lidar_localization/share/gennodejs/ros/lidar_localization/msg/ESKFStd.js, /workspace/assignments/09-graph-optimization/devel/share/gennodejs/ros/lidar_localization/msg/ESKFStd.js)
Linked: (/workspace/assignments/09-graph-optimization/devel/.private/lidar_localization/share/gennodejs/ros/lidar_localization/msg/PosVelMag.js, /workspace/assignments/09-graph-optimization/devel/share/gennodejs/ros/lidar_localization/msg/PosVelMag.js)
Linked: (/workspace/assignments/09-graph-optimization/devel/.private/lidar_localization/share/gennodejs/ros/lidar_localization/msg/LidarMeasurement.js, /workspace/assignments/09-graph-optimization/devel/share/gennodejs/ros/lidar_localization/msg/LidarMeasurement.js)
Linked: (/workspace/assignments/09-graph-optimization/devel/.private/lidar_localization/share/gennodejs/ros/lidar_localization/msg/IMUGNSSMeasurement.js, /workspace/assignments/09-graph-optimization/devel/share/gennodejs/ros/lidar_localization/msg/IMUGNSSMeasurement.js)
Linked: (/workspace/assignments/09-graph-optimization/devel/.private/lidar_localization/share/gennodejs/ros/lidar_localization/msg/PosVel.js, /workspace/assignments/09-graph-optimization/devel/share/gennodejs/ros/lidar_localization/msg/PosVel.js)
Linked: (/workspace/assignments/09-graph-optimization/devel/.private/lidar_localization/share/gennodejs/ros/lidar_localization/msg/EKFStd.js, /workspace/assignments/09-graph-optimization/devel/share/gennodejs/ros/lidar_localization/msg/EKFStd.js)
Linked: (/workspace/assignments/09-graph-optimization/devel/.private/lidar_localization/share/gennodejs/ros/lidar_localization/msg/_index.js, /workspace/assignments/09-graph-optimization/devel/share/gennodejs/ros/lidar_localization/msg/_index.js)
Linked: (/workspace/assignments/09-graph-optimization/devel/.private/lidar_localization/share/gennodejs/ros/lidar_localization/srv/saveOdometry.js, /workspace/assignments/09-graph-optimization/devel/share/gennodejs/ros/lidar_localization/srv/saveOdometry.js)
Linked: (/workspace/assignments/09-graph-optimization/devel/.private/lidar_localization/share/gennodejs/ros/lidar_localization/srv/optimizeMap.js, /workspace/assignments/09-graph-optimization/devel/share/gennodejs/ros/lidar_localization/srv/optimizeMap.js)
Linked: (/workspace/assignments/09-graph-optimization/devel/.private/lidar_localization/share/gennodejs/ros/lidar_localization/srv/saveMap.js, /workspace/assignments/09-graph-optimization/devel/share/gennodejs/ros/lidar_localization/srv/saveMap.js)
Linked: (/workspace/assignments/09-graph-optimization/devel/.private/lidar_localization/share/gennodejs/ros/lidar_localization/srv/saveScanContext.js, /workspace/assignments/09-graph-optimization/devel/share/gennodejs/ros/lidar_localization/srv/saveScanContext.js)
Linked: (/workspace/assignments/09-graph-optimization/devel/.private/lidar_localization/share/gennodejs/ros/lidar_localization/srv/_index.js, /workspace/assignments/09-graph-optimization/devel/share/gennodejs/ros/lidar_localization/srv/_index.js)
Linked: (/workspace/assignments/09-graph-optimization/devel/.private/lidar_localization/share/common-lisp/ros/lidar_localization/msg/_package.lisp, /workspace/assignments/09-graph-optimization/devel/share/common-lisp/ros/lidar_localization/msg/_package.lisp)
Linked: (/workspace/assignments/09-graph-optimization/devel/.private/lidar_localization/share/common-lisp/ros/lidar_localization/msg/PosVel.lisp, /workspace/assignments/09-graph-optimization/devel/share/common-lisp/ros/lidar_localization/msg/PosVel.lisp)
Linked: (/workspace/assignments/09-graph-optimization/devel/.private/lidar_localization/share/common-lisp/ros/lidar_localization/msg/_package_EKFStd.lisp, /workspace/assignments/09-graph-optimization/devel/share/common-lisp/ros/lidar_localization/msg/_package_EKFStd.lisp)
Linked: (/workspace/assignments/09-graph-optimization/devel/.private/lidar_localization/share/common-lisp/ros/lidar_localization/msg/PosVelMag.lisp, /workspace/assignments/09-graph-optimization/devel/share/common-lisp/ros/lidar_localization/msg/PosVelMag.lisp)
Linked: (/workspace/assignments/09-graph-optimization/devel/.private/lidar_localization/share/common-lisp/ros/lidar_localization/msg/_package_LidarMeasurement.lisp, /workspace/assignments/09-graph-optimization/devel/share/common-lisp/ros/lidar_localization/msg/_package_LidarMeasurement.lisp)
Linked: (/workspace/assignments/09-graph-optimization/devel/.private/lidar_localization/share/common-lisp/ros/lidar_localization/msg/_package_ESKFStd.lisp, /workspace/assignments/09-graph-optimization/devel/share/common-lisp/ros/lidar_localization/msg/_package_ESKFStd.lisp)
Linked: (/workspace/assignments/09-graph-optimization/devel/.private/lidar_localization/share/common-lisp/ros/lidar_localization/msg/EKFStd.lisp, /workspace/assignments/09-graph-optimization/devel/share/common-lisp/ros/lidar_localization/msg/EKFStd.lisp)
Linked: (/workspace/assignments/09-graph-optimization/devel/.private/lidar_localization/share/common-lisp/ros/lidar_localization/msg/IMUGNSSMeasurement.lisp, /workspace/assignments/09-graph-optimization/devel/share/common-lisp/ros/lidar_localization/msg/IMUGNSSMeasurement.lisp)
Linked: (/workspace/assignments/09-graph-optimization/devel/.private/lidar_localization/share/common-lisp/ros/lidar_localization/msg/lidar_localization-msg.asd, /workspace/assignments/09-graph-optimization/devel/share/common-lisp/ros/lidar_localization/msg/lidar_localization-msg.asd)
Linked: (/workspace/assignments/09-graph-optimization/devel/.private/lidar_localization/share/common-lisp/ros/lidar_localization/msg/_package_PosVelMag.lisp, /workspace/assignments/09-graph-optimization/devel/share/common-lisp/ros/lidar_localization/msg/_package_PosVelMag.lisp)
Linked: (/workspace/assignments/09-graph-optimization/devel/.private/lidar_localization/share/common-lisp/ros/lidar_localization/msg/_package_PosVel.lisp, /workspace/assignments/09-graph-optimization/devel/share/common-lisp/ros/lidar_localization/msg/_package_PosVel.lisp)
Linked: (/workspace/assignments/09-graph-optimization/devel/.private/lidar_localization/share/common-lisp/ros/lidar_localization/msg/ESKFStd.lisp, /workspace/assignments/09-graph-optimization/devel/share/common-lisp/ros/lidar_localization/msg/ESKFStd.lisp)
Linked: (/workspace/assignments/09-graph-optimization/devel/.private/lidar_localization/share/common-lisp/ros/lidar_localization/msg/_package_IMUGNSSMeasurement.lisp, /workspace/assignments/09-graph-optimization/devel/share/common-lisp/ros/lidar_localization/msg/_package_IMUGNSSMeasurement.lisp)
Linked: (/workspace/assignments/09-graph-optimization/devel/.private/lidar_localization/share/common-lisp/ros/lidar_localization/msg/LidarMeasurement.lisp, /workspace/assignments/09-graph-optimization/devel/share/common-lisp/ros/lidar_localization/msg/LidarMeasurement.lisp)
Linked: (/workspace/assignments/09-graph-optimization/devel/.private/lidar_localization/share/common-lisp/ros/lidar_localization/srv/_package_saveMap.lisp, /workspace/assignments/09-graph-optimization/devel/share/common-lisp/ros/lidar_localization/srv/_package_saveMap.lisp)
Linked: (/workspace/assignments/09-graph-optimization/devel/.private/lidar_localization/share/common-lisp/ros/lidar_localization/srv/_package.lisp, /workspace/assignments/09-graph-optimization/devel/share/common-lisp/ros/lidar_localization/srv/_package.lisp)
Linked: (/workspace/assignments/09-graph-optimization/devel/.private/lidar_localization/share/common-lisp/ros/lidar_localization/srv/optimizeMap.lisp, /workspace/assignments/09-graph-optimization/devel/share/common-lisp/ros/lidar_localization/srv/optimizeMap.lisp)
Linked: (/workspace/assignments/09-graph-optimization/devel/.private/lidar_localization/share/common-lisp/ros/lidar_localization/srv/saveMap.lisp, /workspace/assignments/09-graph-optimization/devel/share/common-lisp/ros/lidar_localization/srv/saveMap.lisp)
Linked: (/workspace/assignments/09-graph-optimization/devel/.private/lidar_localization/share/common-lisp/ros/lidar_localization/srv/saveOdometry.lisp, /workspace/assignments/09-graph-optimization/devel/share/common-lisp/ros/lidar_localization/srv/saveOdometry.lisp)
Linked: (/workspace/assignments/09-graph-optimization/devel/.private/lidar_localization/share/common-lisp/ros/lidar_localization/srv/lidar_localization-srv.asd, /workspace/assignments/09-graph-optimization/devel/share/common-lisp/ros/lidar_localization/srv/lidar_localization-srv.asd)
Linked: (/workspace/assignments/09-graph-optimization/devel/.private/lidar_localization/share/common-lisp/ros/lidar_localization/srv/_package_saveOdometry.lisp, /workspace/assignments/09-graph-optimization/devel/share/common-lisp/ros/lidar_localization/srv/_package_saveOdometry.lisp)
Linked: (/workspace/assignments/09-graph-optimization/devel/.private/lidar_localization/share/common-lisp/ros/lidar_localization/srv/_package_saveScanContext.lisp, /workspace/assignments/09-graph-optimization/devel/share/common-lisp/ros/lidar_localization/srv/_package_saveScanContext.lisp)
Linked: (/workspace/assignments/09-graph-optimization/devel/.private/lidar_localization/share/common-lisp/ros/lidar_localization/srv/saveScanContext.lisp, /workspace/assignments/09-graph-optimization/devel/share/common-lisp/ros/lidar_localization/srv/saveScanContext.lisp)
Linked: (/workspace/assignments/09-graph-optimization/devel/.private/lidar_localization/share/common-lisp/ros/lidar_localization/srv/_package_optimizeMap.lisp, /workspace/assignments/09-graph-optimization/devel/share/common-lisp/ros/lidar_localization/srv/_package_optimizeMap.lisp)
Linked: (/workspace/assignments/09-graph-optimization/devel/.private/lidar_localization/share/roseus/ros/lidar_localization/manifest.l, /workspace/assignments/09-graph-optimization/devel/share/roseus/ros/lidar_localization/manifest.l)
Linked: (/workspace/assignments/09-graph-optimization/devel/.private/lidar_localization/share/roseus/ros/lidar_localization/msg/EKFStd.l, /workspace/assignments/09-graph-optimization/devel/share/roseus/ros/lidar_localization/msg/EKFStd.l)
Linked: (/workspace/assignments/09-graph-optimization/devel/.private/lidar_localization/share/roseus/ros/lidar_localization/msg/PosVel.l, /workspace/assignments/09-graph-optimization/devel/share/roseus/ros/lidar_localization/msg/PosVel.l)
Linked: (/workspace/assignments/09-graph-optimization/devel/.private/lidar_localization/share/roseus/ros/lidar_localization/msg/LidarMeasurement.l, /workspace/assignments/09-graph-optimization/devel/share/roseus/ros/lidar_localization/msg/LidarMeasurement.l)
Linked: (/workspace/assignments/09-graph-optimization/devel/.private/lidar_localization/share/roseus/ros/lidar_localization/msg/PosVelMag.l, /workspace/assignments/09-graph-optimization/devel/share/roseus/ros/lidar_localization/msg/PosVelMag.l)
Linked: (/workspace/assignments/09-graph-optimization/devel/.private/lidar_localization/share/roseus/ros/lidar_localization/msg/ESKFStd.l, /workspace/assignments/09-graph-optimization/devel/share/roseus/ros/lidar_localization/msg/ESKFStd.l)
Linked: (/workspace/assignments/09-graph-optimization/devel/.private/lidar_localization/share/roseus/ros/lidar_localization/msg/IMUGNSSMeasurement.l, /workspace/assignments/09-graph-optimization/devel/share/roseus/ros/lidar_localization/msg/IMUGNSSMeasurement.l)
Linked: (/workspace/assignments/09-graph-optimization/devel/.private/lidar_localization/share/roseus/ros/lidar_localization/srv/saveMap.l, /workspace/assignments/09-graph-optimization/devel/share/roseus/ros/lidar_localization/srv/saveMap.l)
Linked: (/workspace/assignments/09-graph-optimization/devel/.private/lidar_localization/share/roseus/ros/lidar_localization/srv/saveOdometry.l, /workspace/assignments/09-graph-optimization/devel/share/roseus/ros/lidar_localization/srv/saveOdometry.l)
Linked: (/workspace/assignments/09-graph-optimization/devel/.private/lidar_localization/share/roseus/ros/lidar_localization/srv/saveScanContext.l, /workspace/assignments/09-graph-optimization/devel/share/roseus/ros/lidar_localization/srv/saveScanContext.l)
Linked: (/workspace/assignments/09-graph-optimization/devel/.private/lidar_localization/share/roseus/ros/lidar_localization/srv/optimizeMap.l, /workspace/assignments/09-graph-optimization/devel/share/roseus/ros/lidar_localization/srv/optimizeMap.l)
Linked: (/workspace/assignments/09-graph-optimization/devel/.private/lidar_localization/include/lidar_localization/PosVel.h, /workspace/assignments/09-graph-optimization/devel/include/lidar_localization/PosVel.h)
Linked: (/workspace/assignments/09-graph-optimization/devel/.private/lidar_localization/include/lidar_localization/saveOdometryRequest.h, /workspace/assignments/09-graph-optimization/devel/include/lidar_localization/saveOdometryRequest.h)
Linked: (/workspace/assignments/09-graph-optimization/devel/.private/lidar_localization/include/lidar_localization/EKFStd.h, /workspace/assignments/09-graph-optimization/devel/include/lidar_localization/EKFStd.h)
Linked: (/workspace/assignments/09-graph-optimization/devel/.private/lidar_localization/include/lidar_localization/saveScanContextResponse.h, /workspace/assignments/09-graph-optimization/devel/include/lidar_localization/saveScanContextResponse.h)
Linked: (/workspace/assignments/09-graph-optimization/devel/.private/lidar_localization/include/lidar_localization/ESKFStd.h, /workspace/assignments/09-graph-optimization/devel/include/lidar_localization/ESKFStd.h)
Linked: (/workspace/assignments/09-graph-optimization/devel/.private/lidar_localization/include/lidar_localization/PosVelMag.h, /workspace/assignments/09-graph-optimization/devel/include/lidar_localization/PosVelMag.h)
Linked: (/workspace/assignments/09-graph-optimization/devel/.private/lidar_localization/include/lidar_localization/saveOdometry.h, /workspace/assignments/09-graph-optimization/devel/include/lidar_localization/saveOdometry.h)
Linked: (/workspace/assignments/09-graph-optimization/devel/.private/lidar_localization/include/lidar_localization/LidarMeasurement.h, /workspace/assignments/09-graph-optimization/devel/include/lidar_localization/LidarMeasurement.h)
Linked: (/workspace/assignments/09-graph-optimization/devel/.private/lidar_localization/include/lidar_localization/optimizeMapRequest.h, /workspace/assignments/09-graph-optimization/devel/include/lidar_localization/optimizeMapRequest.h)
Linked: (/workspace/assignments/09-graph-optimization/devel/.private/lidar_localization/include/lidar_localization/IMUGNSSMeasurement.h, /workspace/assignments/09-graph-optimization/devel/include/lidar_localization/IMUGNSSMeasurement.h)
Linked: (/workspace/assignments/09-graph-optimization/devel/.private/lidar_localization/include/lidar_localization/saveMapResponse.h, /workspace/assignments/09-graph-optimization/devel/include/lidar_localization/saveMapResponse.h)
Linked: (/workspace/assignments/09-graph-optimization/devel/.private/lidar_localization/include/lidar_localization/saveScanContext.h, /workspace/assignments/09-graph-optimization/devel/include/lidar_localization/saveScanContext.h)
Linked: (/workspace/assignments/09-graph-optimization/devel/.private/lidar_localization/include/lidar_localization/saveMap.h, /workspace/assignments/09-graph-optimization/devel/include/lidar_localization/saveMap.h)
Linked: (/workspace/assignments/09-graph-optimization/devel/.private/lidar_localization/include/lidar_localization/saveMapRequest.h, /workspace/assignments/09-graph-optimization/devel/include/lidar_localization/saveMapRequest.h)
Linked: (/workspace/assignments/09-graph-optimization/devel/.private/lidar_localization/include/lidar_localization/optimizeMapResponse.h, /workspace/assignments/09-graph-optimization/devel/include/lidar_localization/optimizeMapResponse.h)
Linked: (/workspace/assignments/09-graph-optimization/devel/.private/lidar_localization/include/lidar_localization/optimizeMap.h, /workspace/assignments/09-graph-optimization/devel/include/lidar_localization/optimizeMap.h)
Linked: (/workspace/assignments/09-graph-optimization/devel/.private/lidar_localization/include/lidar_localization/saveScanContextRequest.h, /workspace/assignments/09-graph-optimization/devel/include/lidar_localization/saveScanContextRequest.h)
Linked: (/workspace/assignments/09-graph-optimization/devel/.private/lidar_localization/include/lidar_localization/saveOdometryResponse.h, /workspace/assignments/09-graph-optimization/devel/include/lidar_localization/saveOdometryResponse.h)
Linked: (/workspace/assignments/09-graph-optimization/devel/.private/lidar_localization/lib/pkgconfig/lidar_localization.pc, /workspace/assignments/09-graph-optimization/devel/lib/pkgconfig/lidar_localization.pc)
Linked: (/workspace/assignments/09-graph-optimization/devel/.private/lidar_localization/lib/lidar_localization/lio_back_end_node, /workspace/assignments/09-graph-optimization/devel/lib/lidar_localization/lio_back_end_node)
Linked: (/workspace/assignments/09-graph-optimization/devel/.private/lidar_localization/lib/lidar_localization/front_end_node, /workspace/assignments/09-graph-optimization/devel/lib/lidar_localization/front_end_node)
Linked: (/workspace/assignments/09-graph-optimization/devel/.private/lidar_localization/lib/lidar_localization/loop_closing_node, /workspace/assignments/09-graph-optimization/devel/lib/lidar_localization/loop_closing_node)
Linked: (/workspace/assignments/09-graph-optimization/devel/.private/lidar_localization/lib/lidar_localization/data_pretreat_node, /workspace/assignments/09-graph-optimization/devel/lib/lidar_localization/data_pretreat_node)
Linked: (/workspace/assignments/09-graph-optimization/devel/.private/lidar_localization/lib/lidar_localization/viewer_node, /workspace/assignments/09-graph-optimization/devel/lib/lidar_localization/viewer_node)
Linked: (/workspace/assignments/09-graph-optimization/devel/.private/lidar_localization/lib/python2.7/dist-packages/lidar_localization/__init__.py, /workspace/assignments/09-graph-optimization/devel/lib/python2.7/dist-packages/lidar_localization/__init__.py)
Symlinking /workspace/assignments/09-graph-optimization/devel/lib/python2.7/dist-packages/lidar_localization/__init__.pyc
Symlinking /workspace/assignments/09-graph-optimization/devel/lib/python2.7/dist-packages/lidar_localization/msg/_PosVel.pyc
Linked: (/workspace/assignments/09-graph-optimization/devel/.private/lidar_localization/lib/python2.7/dist-packages/lidar_localization/msg/_IMUGNSSMeasurement.py, /workspace/assignments/09-graph-optimization/devel/lib/python2.7/dist-packages/lidar_localization/msg/_IMUGNSSMeasurement.py)
Linked: (/workspace/assignments/09-graph-optimization/devel/.private/lidar_localization/lib/python2.7/dist-packages/lidar_localization/msg/_EKFStd.py, /workspace/assignments/09-graph-optimization/devel/lib/python2.7/dist-packages/lidar_localization/msg/_EKFStd.py)
Symlinking /workspace/assignments/09-graph-optimization/devel/lib/python2.7/dist-packages/lidar_localization/msg/_IMUGNSSMeasurement.pyc
Symlinking /workspace/assignments/09-graph-optimization/devel/lib/python2.7/dist-packages/lidar_localization/msg/_EKFStd.pyc
Linked: (/workspace/assignments/09-graph-optimization/devel/.private/lidar_localization/lib/python2.7/dist-packages/lidar_localization/msg/__init__.py, /workspace/assignments/09-graph-optimization/devel/lib/python2.7/dist-packages/lidar_localization/msg/__init__.py)
Linked: (/workspace/assignments/09-graph-optimization/devel/.private/lidar_localization/lib/python2.7/dist-packages/lidar_localization/msg/_PosVelMag.py, /workspace/assignments/09-graph-optimization/devel/lib/python2.7/dist-packages/lidar_localization/msg/_PosVelMag.py)
Symlinking /workspace/assignments/09-graph-optimization/devel/lib/python2.7/dist-packages/lidar_localization/msg/__init__.pyc
Linked: (/workspace/assignments/09-graph-optimization/devel/.private/lidar_localization/lib/python2.7/dist-packages/lidar_localization/msg/_ESKFStd.py, /workspace/assignments/09-graph-optimization/devel/lib/python2.7/dist-packages/lidar_localization/msg/_ESKFStd.py)
Symlinking /workspace/assignments/09-graph-optimization/devel/lib/python2.7/dist-packages/lidar_localization/msg/_ESKFStd.pyc
Symlinking /workspace/assignments/09-graph-optimization/devel/lib/python2.7/dist-packages/lidar_localization/msg/_PosVelMag.pyc
Linked: (/workspace/assignments/09-graph-optimization/devel/.private/lidar_localization/lib/python2.7/dist-packages/lidar_localization/msg/_LidarMeasurement.py, /workspace/assignments/09-graph-optimization/devel/lib/python2.7/dist-packages/lidar_localization/msg/_LidarMeasurement.py)
Linked: (/workspace/assignments/09-graph-optimization/devel/.private/lidar_localization/lib/python2.7/dist-packages/lidar_localization/msg/_PosVel.py, /workspace/assignments/09-graph-optimization/devel/lib/python2.7/dist-packages/lidar_localization/msg/_PosVel.py)
Symlinking /workspace/assignments/09-graph-optimization/devel/lib/python2.7/dist-packages/lidar_localization/msg/_LidarMeasurement.pyc
Linked: (/workspace/assignments/09-graph-optimization/devel/.private/lidar_localization/lib/python2.7/dist-packages/lidar_localization/srv/_saveOdometry.py, /workspace/assignments/09-graph-optimization/devel/lib/python2.7/dist-packages/lidar_localization/srv/_saveOdometry.py)
Linked: (/workspace/assignments/09-graph-optimization/devel/.private/lidar_localization/lib/python2.7/dist-packages/lidar_localization/srv/_saveMap.py, /workspace/assignments/09-graph-optimization/devel/lib/python2.7/dist-packages/lidar_localization/srv/_saveMap.py)
Linked: (/workspace/assignments/09-graph-optimization/devel/.private/lidar_localization/lib/python2.7/dist-packages/lidar_localization/srv/_optimizeMap.py, /workspace/assignments/09-graph-optimization/devel/lib/python2.7/dist-packages/lidar_localization/srv/_optimizeMap.py)
Symlinking /workspace/assignments/09-graph-optimization/devel/lib/python2.7/dist-packages/lidar_localization/srv/_saveScanContext.pyc
Linked: (/workspace/assignments/09-graph-optimization/devel/.private/lidar_localization/lib/python2.7/dist-packages/lidar_localization/srv/__init__.py, /workspace/assignments/09-graph-optimization/devel/lib/python2.7/dist-packages/lidar_localization/srv/__init__.py)
Symlinking /workspace/assignments/09-graph-optimization/devel/lib/python2.7/dist-packages/lidar_localization/srv/_optimizeMap.pyc
Symlinking /workspace/assignments/09-graph-optimization/devel/lib/python2.7/dist-packages/lidar_localization/srv/__init__.pyc
Linked: (/workspace/assignments/09-graph-optimization/devel/.private/lidar_localization/lib/python2.7/dist-packages/lidar_localization/srv/_saveScanContext.py, /workspace/assignments/09-graph-optimization/devel/lib/python2.7/dist-packages/lidar_localization/srv/_saveScanContext.py)
Symlinking /workspace/assignments/09-graph-optimization/devel/lib/python2.7/dist-packages/lidar_localization/srv/_saveMap.pyc
Symlinking /workspace/assignments/09-graph-optimization/devel/lib/python2.7/dist-packages/lidar_localization/srv/_saveOdometry.pyc
