[  0%] Built target actionlib_generate_messages_cpp
[  0%] Built target tf2_msgs_generate_messages_cpp
[  0%] Built target actionlib_generate_messages_py
[  0%] Built target nav_msgs_generate_messages_cpp
[  0%] Built target tf2_msgs_generate_messages_nodejs
[  0%] Built target tf2_msgs_generate_messages_py
[  0%] Built target tf_generate_messages_nodejs
[  0%] Built target geometry_msgs_generate_messages_cpp
[  0%] Built target sensor_msgs_generate_messages_cpp
[  0%] Built target std_msgs_generate_messages_cpp
[  0%] Built target _lidar_localization_generate_messages_check_deps_PosVel
[  0%] Built target nav_msgs_generate_messages_eus
[  0%] Built target _lidar_localization_generate_messages_check_deps_LidarMeasurement
[  0%] Built target _lidar_localization_generate_messages_check_deps_PosVelMag
[  0%] Built target _lidar_localization_generate_messages_check_deps_ESKFStd
[  0%] Built target _lidar_localization_generate_messages_check_deps_IMUGNSSMeasurement
[  0%] Built target sensor_msgs_generate_messages_lisp
[  0%] Built target _lidar_localization_generate_messages_check_deps_saveMap
[  0%] Built target _lidar_localization_generate_messages_check_deps_optimizeMap
[  0%] Built target tf2_msgs_generate_messages_eus
[  0%] Built target roscpp_generate_messages_cpp
[  0%] Built target sensor_msgs_generate_messages_nodejs
[  0%] Built target std_msgs_generate_messages_nodejs
[  0%] Built target geometry_msgs_generate_messages_lisp
[  0%] Built target geometry_msgs_generate_messages_py
[  0%] Built target actionlib_generate_messages_lisp
[  0%] Built target _lidar_localization_generate_messages_check_deps_saveOdometry
[  0%] Built target bond_generate_messages_lisp
[  0%] Built target _lidar_localization_generate_messages_check_deps_EKFStd
[  0%] Built target _lidar_localization_generate_messages_check_deps_saveScanContext
[  0%] Built target geometry_msgs_generate_messages_nodejs
[  0%] Built target nodelet_generate_messages_py
[  0%] Built target sensor_msgs_generate_messages_py
[  0%] Built target sensor_msgs_generate_messages_eus
[  0%] Built target std_srvs_generate_messages_eus
[  0%] Built target nav_msgs_generate_messages_nodejs
[  0%] Built target roscpp_generate_messages_lisp
[  0%] Built target std_msgs_generate_messages_py
[  0%] Built target geometry_msgs_generate_messages_eus
[  0%] Built target std_msgs_generate_messages_lisp
[  0%] Built target roscpp_generate_messages_nodejs
[  0%] Built target rosgraph_msgs_generate_messages_cpp
[  0%] Built target bond_generate_messages_eus
[  0%] Built target tf_generate_messages_py
[  0%] Built target dynamic_reconfigure_generate_messages_cpp
[  0%] Built target rosgraph_msgs_generate_messages_eus
[  0%] Built target std_srvs_generate_messages_cpp
[  0%] Built target roscpp_generate_messages_py
[  0%] Built target rosgraph_msgs_generate_messages_nodejs
[  0%] Built target topic_tools_generate_messages_cpp
[  0%] Built target std_msgs_generate_messages_eus
[  0%] Built target actionlib_msgs_generate_messages_eus
[  0%] Built target roscpp_generate_messages_eus
[  0%] Built target actionlib_msgs_generate_messages_lisp
[  0%] Built target actionlib_msgs_generate_messages_py
[  0%] Built target rosgraph_msgs_generate_messages_lisp
[  0%] Built target pcl_ros_gencfg
[  0%] Built target nodelet_generate_messages_lisp
[  0%] Built target rosgraph_msgs_generate_messages_py
[  0%] Built target dynamic_reconfigure_generate_messages_eus
[  0%] Built target dynamic_reconfigure_generate_messages_lisp
[  0%] Built target dynamic_reconfigure_generate_messages_nodejs
[  0%] Built target topic_tools_generate_messages_nodejs
[  0%] Built target pcl_msgs_generate_messages_cpp
[  0%] Built target tf2_msgs_generate_messages_lisp
[  0%] Built target dynamic_reconfigure_generate_messages_py
[  0%] Built target nav_msgs_generate_messages_py
[  0%] Built target dynamic_reconfigure_gencfg
[  0%] Built target std_srvs_generate_messages_nodejs
[  0%] Built target bond_generate_messages_py
[  0%] Built target pcl_msgs_generate_messages_nodejs
[  0%] Built target nodelet_generate_messages_eus
[  0%] Built target nodelet_generate_messages_cpp
[  0%] Built target actionlib_msgs_generate_messages_cpp
[  0%] Built target nav_msgs_generate_messages_lisp
[  0%] Built target bond_generate_messages_cpp
[  0%] Built target bond_generate_messages_nodejs
[  0%] Built target nodelet_generate_messages_nodejs
[  0%] Built target actionlib_msgs_generate_messages_nodejs
[  0%] Built target tf_generate_messages_eus
[  0%] Built target topic_tools_generate_messages_py
[  0%] Built target nodelet_topic_tools_gencfg
[  0%] Built target topic_tools_generate_messages_lisp
[  0%] Built target std_srvs_generate_messages_lisp
[  0%] Built target pcl_msgs_generate_messages_py
[  0%] Built target pcl_msgs_generate_messages_eus
[  0%] Built target topic_tools_generate_messages_eus
[  0%] Built target std_srvs_generate_messages_py
[  0%] Built target actionlib_generate_messages_nodejs
[  0%] Built target pcl_msgs_generate_messages_lisp
[  0%] Built target tf_generate_messages_cpp
[  4%] Built target lidar_localization_generate_messages_py
[  4%] Built target actionlib_generate_messages_eus
[  7%] Built target lidar_localization_generate_messages_nodejs
[ 10%] Built target lidar_localization_generate_messages_lisp
[ 10%] Built target tf_generate_messages_lisp
[ 13%] Built target lidar_localization_generate_messages_eus
[ 16%] Built target lidar_localization_generate_messages_cpp
[ 16%] Built target lidar_localization_generate_messages
[35m[1mScanning dependencies of target front_end_node[0m
[35m[1mScanning dependencies of target data_pretreat_node[0m
[35m[1mScanning dependencies of target loop_closing_node[0m
[35m[1mScanning dependencies of target lio_back_end_node[0m
[35m[1mScanning dependencies of target viewer_node[0m
[ 16%] [32mBuilding CXX object CMakeFiles/data_pretreat_node.dir/src/mapping/back_end/lio_back_end.cpp.o[0m
[ 18%] [32mBuilding CXX object CMakeFiles/data_pretreat_node.dir/src/mapping/loop_closing/loop_closing.cpp.o[0m
[ 18%] [32mBuilding CXX object CMakeFiles/data_pretreat_node.dir/src/mapping/back_end/lio_back_end_flow.cpp.o[0m
[ 18%] [32mBuilding CXX object CMakeFiles/data_pretreat_node.dir/src/mapping/viewer/viewer.cpp.o[0m
[ 18%] [32mBuilding CXX object CMakeFiles/data_pretreat_node.dir/src/mapping/loop_closing/loop_closing_flow.cpp.o[0m
[ 18%] [32mBuilding CXX object CMakeFiles/data_pretreat_node.dir/src/mapping/viewer/viewer_flow.cpp.o[0m
[ 18%] [32mBuilding CXX object CMakeFiles/data_pretreat_node.dir/src/models/graph_optimizer/interface_graph_optimizer.cpp.o[0m
[ 19%] [32mBuilding CXX object CMakeFiles/data_pretreat_node.dir/src/models/graph_optimizer/g2o/g2o_graph_optimizer.cpp.o[0m
[ 20%] [32mBuilding CXX object CMakeFiles/front_end_node.dir/src/mapping/back_end/lio_back_end.cpp.o[0m
[ 20%] [32mBuilding CXX object CMakeFiles/data_pretreat_node.dir/src/models/scan_context_manager/scan_context_manager.cpp.o[0m
[ 20%] [32mBuilding CXX object CMakeFiles/data_pretreat_node.dir/src/models/pre_integrator/imu_pre_integrator.cpp.o[0m
[ 21%] [32mBuilding CXX object CMakeFiles/data_pretreat_node.dir/src/models/pre_integrator/odo_pre_integrator.cpp.o[0m
[ 21%] [32mBuilding CXX object CMakeFiles/front_end_node.dir/src/mapping/back_end/lio_back_end_flow.cpp.o[0m
[ 21%] [32mBuilding CXX object CMakeFiles/lio_back_end_node.dir/src/apps/lio_back_end_node.cpp.o[0m
[ 21%] [32mBuilding CXX object CMakeFiles/loop_closing_node.dir/src/apps/loop_closing_node.cpp.o[0m
[ 21%] [32mBuilding CXX object CMakeFiles/viewer_node.dir/src/apps/viewer_node.cpp.o[0m
[ 21%] [32mBuilding CXX object CMakeFiles/front_end_node.dir/src/mapping/loop_closing/loop_closing.cpp.o[0m
[ 21%] [32mBuilding CXX object CMakeFiles/lio_back_end_node.dir/src/mapping/back_end/lio_back_end.cpp.o[0m
[ 21%] [32mBuilding CXX object CMakeFiles/viewer_node.dir/src/mapping/back_end/lio_back_end.cpp.o[0m
[ 21%] [32mBuilding CXX object CMakeFiles/data_pretreat_node.dir/src/publisher/key_frame_publisher.cpp.o[0m
[ 22%] [32mBuilding CXX object CMakeFiles/loop_closing_node.dir/src/mapping/back_end/lio_back_end.cpp.o[0m
[ 22%] [32mBuilding CXX object CMakeFiles/front_end_node.dir/src/mapping/loop_closing/loop_closing_flow.cpp.o[0m
[ 23%] [32mBuilding CXX object CMakeFiles/data_pretreat_node.dir/src/publisher/key_frames_publisher.cpp.o[0m
[ 23%] [32mBuilding CXX object CMakeFiles/data_pretreat_node.dir/src/sensor_data/key_frame.cpp.o[0m
[ 23%] [32mBuilding CXX object CMakeFiles/loop_closing_node.dir/src/mapping/back_end/lio_back_end_flow.cpp.o[0m
[ 23%] [32mBuilding CXX object CMakeFiles/data_pretreat_node.dir/src/subscriber/key_frame_subscriber.cpp.o[0m
[ 24%] [32mBuilding CXX object CMakeFiles/data_pretreat_node.dir/src/subscriber/key_frames_subscriber.cpp.o[0m
[ 24%] [32mBuilding CXX object CMakeFiles/viewer_node.dir/src/mapping/back_end/lio_back_end_flow.cpp.o[0m
[ 24%] [32mBuilding CXX object CMakeFiles/front_end_node.dir/src/mapping/viewer/viewer.cpp.o[0m
[ 25%] [32mBuilding CXX object CMakeFiles/lio_back_end_node.dir/src/mapping/back_end/lio_back_end_flow.cpp.o[0m
[ 25%] [32mBuilding CXX object CMakeFiles/viewer_node.dir/src/mapping/loop_closing/loop_closing.cpp.o[0m
[ 25%] [32mBuilding CXX object CMakeFiles/loop_closing_node.dir/src/mapping/loop_closing/loop_closing.cpp.o[0m
[ 26%] [32mBuilding CXX object CMakeFiles/front_end_node.dir/src/mapping/viewer/viewer_flow.cpp.o[0m
[ 27%] [32mBuilding CXX object CMakeFiles/lio_back_end_node.dir/src/mapping/loop_closing/loop_closing.cpp.o[0m
[ 27%] [32mBuilding CXX object CMakeFiles/loop_closing_node.dir/src/mapping/loop_closing/loop_closing_flow.cpp.o[0m
[ 27%] [32mBuilding CXX object CMakeFiles/front_end_node.dir/src/models/graph_optimizer/g2o/g2o_graph_optimizer.cpp.o[0m
[ 27%] [32mBuilding CXX object CMakeFiles/lio_back_end_node.dir/src/mapping/loop_closing/loop_closing_flow.cpp.o[0m
[ 27%] [32mBuilding CXX object CMakeFiles/loop_closing_node.dir/src/mapping/viewer/viewer.cpp.o[0m
[ 27%] [32m[1mLinking CXX executable /workspace/assignments/09-graph-optimization/devel/.private/lidar_localization/lib/lidar_localization/data_pretreat_node[0m
[ 27%] [32mBuilding CXX object CMakeFiles/front_end_node.dir/src/models/graph_optimizer/interface_graph_optimizer.cpp.o[0m
[ 28%] [32mBuilding CXX object CMakeFiles/front_end_node.dir/src/models/pre_integrator/imu_pre_integrator.cpp.o[0m
[ 28%] [32mBuilding CXX object CMakeFiles/viewer_node.dir/src/mapping/loop_closing/loop_closing_flow.cpp.o[0m
[ 29%] [32mBuilding CXX object CMakeFiles/loop_closing_node.dir/src/mapping/viewer/viewer_flow.cpp.o[0m
[ 29%] [32mBuilding CXX object CMakeFiles/lio_back_end_node.dir/src/mapping/viewer/viewer.cpp.o[0m
[ 30%] [32mBuilding CXX object CMakeFiles/viewer_node.dir/src/mapping/viewer/viewer.cpp.o[0m
[ 41%] Built target data_pretreat_node
[ 41%] [32mBuilding CXX object CMakeFiles/front_end_node.dir/src/models/pre_integrator/odo_pre_integrator.cpp.o[0m
[ 41%] [32mBuilding CXX object CMakeFiles/loop_closing_node.dir/src/models/graph_optimizer/g2o/g2o_graph_optimizer.cpp.o[0m
[ 41%] [32mBuilding CXX object CMakeFiles/viewer_node.dir/src/mapping/viewer/viewer_flow.cpp.o[0m
[ 41%] [32mBuilding CXX object CMakeFiles/loop_closing_node.dir/src/models/graph_optimizer/interface_graph_optimizer.cpp.o[0m
[ 41%] [32mBuilding CXX object CMakeFiles/lio_back_end_node.dir/src/mapping/viewer/viewer_flow.cpp.o[0m
[ 42%] [32mBuilding CXX object CMakeFiles/loop_closing_node.dir/src/models/pre_integrator/imu_pre_integrator.cpp.o[0m
[ 42%] [32mBuilding CXX object CMakeFiles/viewer_node.dir/src/models/graph_optimizer/g2o/g2o_graph_optimizer.cpp.o[0m
[ 42%] [32mBuilding CXX object CMakeFiles/loop_closing_node.dir/src/models/pre_integrator/odo_pre_integrator.cpp.o[0m
[ 42%] [32mBuilding CXX object CMakeFiles/viewer_node.dir/src/models/graph_optimizer/interface_graph_optimizer.cpp.o[0m
[ 42%] [32mBuilding CXX object CMakeFiles/viewer_node.dir/src/models/pre_integrator/imu_pre_integrator.cpp.o[0m
[ 43%] [32mBuilding CXX object CMakeFiles/lio_back_end_node.dir/src/models/graph_optimizer/g2o/g2o_graph_optimizer.cpp.o[0m
[ 43%] [32mBuilding CXX object CMakeFiles/front_end_node.dir/src/models/scan_context_manager/scan_context_manager.cpp.o[0m
[ 43%] [32mBuilding CXX object CMakeFiles/loop_closing_node.dir/src/models/scan_context_manager/scan_context_manager.cpp.o[0m
[ 43%] [32mBuilding CXX object CMakeFiles/lio_back_end_node.dir/src/models/graph_optimizer/interface_graph_optimizer.cpp.o[0m
[ 43%] [32mBuilding CXX object CMakeFiles/viewer_node.dir/src/models/pre_integrator/odo_pre_integrator.cpp.o[0m
[ 44%] [32mBuilding CXX object CMakeFiles/viewer_node.dir/src/models/scan_context_manager/scan_context_manager.cpp.o[0m
[ 45%] [32mBuilding CXX object CMakeFiles/front_end_node.dir/src/publisher/key_frame_publisher.cpp.o[0m
[ 46%] [32mBuilding CXX object CMakeFiles/loop_closing_node.dir/src/publisher/key_frame_publisher.cpp.o[0m
[ 46%] [32mBuilding CXX object CMakeFiles/front_end_node.dir/src/publisher/key_frames_publisher.cpp.o[0m
[ 46%] [32mBuilding CXX object CMakeFiles/loop_closing_node.dir/src/publisher/key_frames_publisher.cpp.o[0m
[ 46%] [32mBuilding CXX object CMakeFiles/front_end_node.dir/src/sensor_data/key_frame.cpp.o[0m
[ 47%] [32mBuilding CXX object CMakeFiles/front_end_node.dir/src/subscriber/key_frame_subscriber.cpp.o[0m
[ 47%] [32mBuilding CXX object CMakeFiles/loop_closing_node.dir/src/sensor_data/key_frame.cpp.o[0m
[ 47%] [32mBuilding CXX object CMakeFiles/front_end_node.dir/src/subscriber/key_frames_subscriber.cpp.o[0m
[ 48%] [32mBuilding CXX object CMakeFiles/loop_closing_node.dir/src/subscriber/key_frame_subscriber.cpp.o[0m
[ 48%] [32mBuilding CXX object CMakeFiles/lio_back_end_node.dir/src/models/pre_integrator/imu_pre_integrator.cpp.o[0m
[ 48%] [32mBuilding CXX object CMakeFiles/viewer_node.dir/src/publisher/key_frame_publisher.cpp.o[0m
[ 48%] [32mBuilding CXX object CMakeFiles/loop_closing_node.dir/src/subscriber/key_frames_subscriber.cpp.o[0m
[ 48%] [32mBuilding CXX object CMakeFiles/viewer_node.dir/src/publisher/key_frames_publisher.cpp.o[0m
[ 49%] [32mBuilding CXX object CMakeFiles/lio_back_end_node.dir/src/models/pre_integrator/odo_pre_integrator.cpp.o[0m
[ 50%] [32mBuilding CXX object CMakeFiles/viewer_node.dir/src/sensor_data/key_frame.cpp.o[0m
[ 50%] [32m[1mLinking CXX executable /workspace/assignments/09-graph-optimization/devel/.private/lidar_localization/lib/lidar_localization/front_end_node[0m
[ 50%] [32mBuilding CXX object CMakeFiles/lio_back_end_node.dir/src/models/scan_context_manager/scan_context_manager.cpp.o[0m
[ 50%] [32mBuilding CXX object CMakeFiles/viewer_node.dir/src/subscriber/key_frame_subscriber.cpp.o[0m
[ 50%] [32mBuilding CXX object CMakeFiles/lio_back_end_node.dir/src/publisher/key_frame_publisher.cpp.o[0m
[ 51%] [32mBuilding CXX object CMakeFiles/lio_back_end_node.dir/src/publisher/key_frames_publisher.cpp.o[0m
[ 51%] [32mBuilding CXX object CMakeFiles/lio_back_end_node.dir/src/sensor_data/key_frame.cpp.o[0m
[ 51%] [32mBuilding CXX object CMakeFiles/viewer_node.dir/src/subscriber/key_frames_subscriber.cpp.o[0m
[ 51%] [32mBuilding CXX object CMakeFiles/lio_back_end_node.dir/src/subscriber/key_frame_subscriber.cpp.o[0m
[ 52%] [32mBuilding CXX object CMakeFiles/lio_back_end_node.dir/src/subscriber/key_frames_subscriber.cpp.o[0m
[ 63%] Built target front_end_node
[ 63%] [32m[1mLinking CXX executable /workspace/assignments/09-graph-optimization/devel/.private/lidar_localization/lib/lidar_localization/loop_closing_node[0m
[ 64%] [32m[1mLinking CXX executable /workspace/assignments/09-graph-optimization/devel/.private/lidar_localization/lib/lidar_localization/viewer_node[0m
[ 64%] [32m[1mLinking CXX executable /workspace/assignments/09-graph-optimization/devel/.private/lidar_localization/lib/lidar_localization/lio_back_end_node[0m
[ 76%] Built target loop_closing_node
[ 89%] Built target viewer_node
[100%] Built target lio_back_end_node
