Determining if the pthread_create exist failed with the following output:
Change Dir: /workspace/assignments/02-lidar-odometry-basic/build/catkin_tools_prebuild/CMakeFiles/CMakeTmp

Run Build Command:"/usr/bin/make" "cmTC_e603f/fast"
/usr/bin/make -f CMakeFiles/cmTC_e603f.dir/build.make CMakeFiles/cmTC_e603f.dir/build
make[1]: Entering directory '/workspace/assignments/02-lidar-odometry-basic/build/catkin_tools_prebuild/CMakeFiles/CMakeTmp'
Building C object CMakeFiles/cmTC_e603f.dir/CheckSymbolExists.c.o
/usr/bin/cc    -o CMakeFiles/cmTC_e603f.dir/CheckSymbolExists.c.o   -c /workspace/assignments/02-lidar-odometry-basic/build/catkin_tools_prebuild/CMakeFiles/CMakeTmp/CheckSymbolExists.c
Linking C executable cmTC_e603f
/usr/bin/cmake -E cmake_link_script CMakeFiles/cmTC_e603f.dir/link.txt --verbose=1
/usr/bin/cc      -rdynamic CMakeFiles/cmTC_e603f.dir/CheckSymbolExists.c.o  -o cmTC_e603f 
CMakeFiles/cmTC_e603f.dir/CheckSymbolExists.c.o: In function `main':
CheckSymbolExists.c:(.text+0x1b): undefined reference to `pthread_create'
collect2: error: ld returned 1 exit status
CMakeFiles/cmTC_e603f.dir/build.make:97: recipe for target 'cmTC_e603f' failed
make[1]: *** [cmTC_e603f] Error 1
make[1]: Leaving directory '/workspace/assignments/02-lidar-odometry-basic/build/catkin_tools_prebuild/CMakeFiles/CMakeTmp'
Makefile:126: recipe for target 'cmTC_e603f/fast' failed
make: *** [cmTC_e603f/fast] Error 2

File /workspace/assignments/02-lidar-odometry-basic/build/catkin_tools_prebuild/CMakeFiles/CMakeTmp/CheckSymbolExists.c:
/* */
#include <pthread.h>

int main(int argc, char** argv)
{
  (void)argv;
#ifndef pthread_create
  return ((int*)(&pthread_create))[argc];
#else
  (void)argc;
  return 0;
#endif
}

Determining if the function pthread_create exists in the pthreads failed with the following output:
Change Dir: /workspace/assignments/02-lidar-odometry-basic/build/catkin_tools_prebuild/CMakeFiles/CMakeTmp

Run Build Command:"/usr/bin/make" "cmTC_4daa6/fast"
/usr/bin/make -f CMakeFiles/cmTC_4daa6.dir/build.make CMakeFiles/cmTC_4daa6.dir/build
make[1]: Entering directory '/workspace/assignments/02-lidar-odometry-basic/build/catkin_tools_prebuild/CMakeFiles/CMakeTmp'
Building C object CMakeFiles/cmTC_4daa6.dir/CheckFunctionExists.c.o
/usr/bin/cc   -DCHECK_FUNCTION_EXISTS=pthread_create   -o CMakeFiles/cmTC_4daa6.dir/CheckFunctionExists.c.o   -c /usr/share/cmake-3.10/Modules/CheckFunctionExists.c
Linking C executable cmTC_4daa6
/usr/bin/cmake -E cmake_link_script CMakeFiles/cmTC_4daa6.dir/link.txt --verbose=1
/usr/bin/cc  -DCHECK_FUNCTION_EXISTS=pthread_create    -rdynamic CMakeFiles/cmTC_4daa6.dir/CheckFunctionExists.c.o  -o cmTC_4daa6 -lpthreads 
/usr/bin/ld: cannot find -lpthreads
collect2: error: ld returned 1 exit status
CMakeFiles/cmTC_4daa6.dir/build.make:97: recipe for target 'cmTC_4daa6' failed
make[1]: *** [cmTC_4daa6] Error 1
make[1]: Leaving directory '/workspace/assignments/02-lidar-odometry-basic/build/catkin_tools_prebuild/CMakeFiles/CMakeTmp'
Makefile:126: recipe for target 'cmTC_4daa6/fast' failed
make: *** [cmTC_4daa6/fast] Error 2


