Determining if the pthread_create exist failed with the following output:
Change Dir: /workspace/assignments/09-graph-optimization/build/lidar_localization/CMakeFiles/CMakeTmp

Run Build Command:"/usr/bin/make" "cmTC_14597/fast"
/usr/bin/make -f CMakeFiles/cmTC_14597.dir/build.make CMakeFiles/cmTC_14597.dir/build
make[1]: Entering directory '/workspace/assignments/09-graph-optimization/build/lidar_localization/CMakeFiles/CMakeTmp'
Building C object CMakeFiles/cmTC_14597.dir/CheckSymbolExists.c.o
/usr/bin/cc    -o CMakeFiles/cmTC_14597.dir/CheckSymbolExists.c.o   -c /workspace/assignments/09-graph-optimization/build/lidar_localization/CMakeFiles/CMakeTmp/CheckSymbolExists.c
Linking C executable cmTC_14597
/usr/bin/cmake -E cmake_link_script CMakeFiles/cmTC_14597.dir/link.txt --verbose=1
/usr/bin/cc      -rdynamic CMakeFiles/cmTC_14597.dir/CheckSymbolExists.c.o  -o cmTC_14597 
CMakeFiles/cmTC_14597.dir/CheckSymbolExists.c.o: In function `main':
CheckSymbolExists.c:(.text+0x1b): undefined reference to `pthread_create'
collect2: error: ld returned 1 exit status
CMakeFiles/cmTC_14597.dir/build.make:97: recipe for target 'cmTC_14597' failed
make[1]: *** [cmTC_14597] Error 1
make[1]: Leaving directory '/workspace/assignments/09-graph-optimization/build/lidar_localization/CMakeFiles/CMakeTmp'
Makefile:126: recipe for target 'cmTC_14597/fast' failed
make: *** [cmTC_14597/fast] Error 2

File /workspace/assignments/09-graph-optimization/build/lidar_localization/CMakeFiles/CMakeTmp/CheckSymbolExists.c:
/* */
#include <pthread.h>

int main(int argc, char** argv)
{
  (void)argv;
#ifndef pthread_create
  return ((int*)(&pthread_create))[argc];
#else
  (void)argc;
  return 0;
#endif
}

Determining if the function pthread_create exists in the pthreads failed with the following output:
Change Dir: /workspace/assignments/09-graph-optimization/build/lidar_localization/CMakeFiles/CMakeTmp

Run Build Command:"/usr/bin/make" "cmTC_25546/fast"
/usr/bin/make -f CMakeFiles/cmTC_25546.dir/build.make CMakeFiles/cmTC_25546.dir/build
make[1]: Entering directory '/workspace/assignments/09-graph-optimization/build/lidar_localization/CMakeFiles/CMakeTmp'
Building C object CMakeFiles/cmTC_25546.dir/CheckFunctionExists.c.o
/usr/bin/cc   -DCHECK_FUNCTION_EXISTS=pthread_create   -o CMakeFiles/cmTC_25546.dir/CheckFunctionExists.c.o   -c /usr/share/cmake-3.10/Modules/CheckFunctionExists.c
Linking C executable cmTC_25546
/usr/bin/cmake -E cmake_link_script CMakeFiles/cmTC_25546.dir/link.txt --verbose=1
/usr/bin/cc  -DCHECK_FUNCTION_EXISTS=pthread_create    -rdynamic CMakeFiles/cmTC_25546.dir/CheckFunctionExists.c.o  -o cmTC_25546 -lpthreads 
/usr/bin/ld: cannot find -lpthreads
collect2: error: ld returned 1 exit status
CMakeFiles/cmTC_25546.dir/build.make:97: recipe for target 'cmTC_25546' failed
make[1]: *** [cmTC_25546] Error 1
make[1]: Leaving directory '/workspace/assignments/09-graph-optimization/build/lidar_localization/CMakeFiles/CMakeTmp'
Makefile:126: recipe for target 'cmTC_25546/fast' failed
make: *** [cmTC_25546/fast] Error 2


